0 info it worked if it ends with ok
1 verbose cli [ '/usr/bin/nodejs', '/usr/bin/npm', 'start' ]
2 info using npm@3.5.2
3 info using node@v4.2.6
4 verbose run-script [ 'prestart', 'start', 'poststart' ]
5 info lifecycle interiordesigningverzeo-complete@0.0.0~prestart: interiordesigningverzeo-complete@0.0.0
6 silly lifecycle interiordesigningverzeo-complete@0.0.0~prestart: no script for prestart, continuing
7 info lifecycle interiordesigningverzeo-complete@0.0.0~start: interiordesigningverzeo-complete@0.0.0
8 verbose lifecycle interiordesigningverzeo-complete@0.0.0~start: unsafe-perm in lifecycle true
9 verbose lifecycle interiordesigningverzeo-complete@0.0.0~start: PATH: /usr/share/npm/bin/node-gyp-bin:/mnt/c/Users/KIIT/Desktop/InteriorDesigningVerzeo_complete/node_modules/.bin:/home/mahima/bin:/home/mahima/.local/bin:/usr/local/sbin:/usr/local/bin:/usr/sbin:/usr/bin:/sbin:/bin:/usr/games:/usr/local/games:/mnt/c/oraclexe/app/oracle/product/11.2.0/server/bin:/mnt/c/ProgramData/Oracle/Java/javapath:/mnt/c/Program Files (x86)/Intel/iCLS Client/:/mnt/c/Program Files/Intel/iCLS Client/:/%SystemRoot%/system32:/%SystemRoot%:/%SystemRoot%/System32/Wbem:/%SYSTEMROOT%/System32/WindowsPowerShell/v1.0/:/mnt/c/Program Files (x86)/Intel/Intel(R) Management Engine Components/DAL:/mnt/c/Program Files/Intel/Intel(R) Management Engine Components/DAL:/mnt/c/Program Files (x86)/Intel/Intel(R) Management Engine Components/IPT:/mnt/c/Program Files/Intel/Intel(R) Management Engine Components/IPT:/mnt/c/Android:/mnt/c/Windows/System32:/%SYSTEMROOT%/System32/OpenSSH/:/mnt/c/Users/KIIT/AppData/Local/Microsoft/WindowsApps:/mnt/c/Users/KIIT/AppData/Local/Programs/Microsoft VS Code/bin:/snap/bin
10 verbose lifecycle interiordesigningverzeo-complete@0.0.0~start: CWD: /mnt/c/Users/KIIT/Desktop/InteriorDesigningVerzeo_complete
11 silly lifecycle interiordesigningverzeo-complete@0.0.0~start: Args: [ '-c', 'node ./bin/www' ]
12 silly lifecycle interiordesigningverzeo-complete@0.0.0~start: Returned: code: 1  signal: null
13 info lifecycle interiordesigningverzeo-complete@0.0.0~start: Failed to exec start script
14 verbose stack Error: interiordesigningverzeo-complete@0.0.0 start: `node ./bin/www`
14 verbose stack Exit status 1
14 verbose stack     at EventEmitter.<anonymous> (/usr/share/npm/lib/utils/lifecycle.js:232:16)
14 verbose stack     at emitTwo (events.js:87:13)
14 verbose stack     at EventEmitter.emit (events.js:172:7)
14 verbose stack     at ChildProcess.<anonymous> (/usr/share/npm/lib/utils/spawn.js:24:14)
14 verbose stack     at emitTwo (events.js:87:13)
14 verbose stack     at ChildProcess.emit (events.js:172:7)
14 verbose stack     at maybeClose (internal/child_process.js:821:16)
14 verbose stack     at Process.ChildProcess._handle.onexit (internal/child_process.js:211:5)
15 verbose pkgid interiordesigningverzeo-complete@0.0.0
16 verbose cwd /mnt/c/Users/KIIT/Desktop/InteriorDesigningVerzeo_complete
17 error Linux 4.4.0-18362-Microsoft
18 error argv "/usr/bin/nodejs" "/usr/bin/npm" "start"
19 error node v4.2.6
20 error npm  v3.5.2
21 error code ELIFECYCLE
22 error interiordesigningverzeo-complete@0.0.0 start: `node ./bin/www`
22 error Exit status 1
23 error Failed at the interiordesigningverzeo-complete@0.0.0 start script 'node ./bin/www'.
23 error Make sure you have the latest version of node.js and npm installed.
23 error If you do, this is most likely a problem with the interiordesigningverzeo-complete package,
23 error not with npm itself.
23 error Tell the author that this fails on your system:
23 error     node ./bin/www
23 error You can get information on how to open an issue for this project with:
23 error     npm bugs interiordesigningverzeo-complete
23 error Or if that isn't available, you can get their info via:
23 error     npm owner ls interiordesigningverzeo-complete
23 error There is likely additional logging output above.
24 verbose exit [ 1, true ]
